<?xml version="1.0" encoding="UTF-8"?>
<!-- Generated by org.testng.reporters.JUnitReportReporter -->
<testsuite hostname="Asheem-Win-209" name="com.salesforce.testscripts.CreateQuoteForm" tests="1" failures="0" timestamp="22 Dec 2023 07:16:35 GMT" time="141.770" errors="0">
  <testcase name="addAndRemoveQuote" time="141.770" classname="com.salesforce.testscripts.CreateQuoteForm"/>
</testsuite> <!-- com.salesforce.testscripts.CreateQuoteForm -->
