<?xml version="1.0" encoding="UTF-8"?>
<!-- Generated by org.testng.reporters.JUnitReportReporter -->
<testsuite hostname="DESKTOP-TVMA9FV" name="com.realestate.testscripts.AddOpportunityForm" tests="1" failures="0" timestamp="17 Dec 2023 12:16:38 GMT" time="40.015" errors="1">
  <testcase name="addOpportunityForm" time="40.015" classname="com.realestate.testscripts.AddOpportunityForm">
    <error type="java.lang.Error" message="Unresolved compilation problems: 
	Implicit super constructor Page() is undefined for default constructor. Must define an explicit constructor
	Return type for the method is missing
	Duplicate method FindBy() in type LoginPage
	Syntax error, insert &quot;)&quot; to complete ConstructorDeclaration
	Syntax error, insert &quot;;&quot; to complete ConstructorDeclaration
	Return type for the method is missing
	Duplicate method FindBy() in type LoginPage
	Syntax error, insert &quot;)&quot; to complete ConstructorDeclaration
	Syntax error, insert &quot;;&quot; to complete ConstructorDeclaration
	Return type for the method is missing
	Duplicate method FindBy() in type LoginPage
	Syntax error, insert &quot;)&quot; to complete ConstructorDeclaration
	Syntax error, insert &quot;;&quot; to complete ConstructorDeclaration
">
      <![CDATA[java.lang.Error: Unresolved compilation problems: 
	Implicit super constructor Page() is undefined for default constructor. Must define an explicit constructor
	Return type for the method is missing
	Duplicate method FindBy() in type LoginPage
	Syntax error, insert ")" to complete ConstructorDeclaration
	Syntax error, insert ";" to complete ConstructorDeclaration
	Return type for the method is missing
	Duplicate method FindBy() in type LoginPage
	Syntax error, insert ")" to complete ConstructorDeclaration
	Syntax error, insert ";" to complete ConstructorDeclaration
	Return type for the method is missing
	Duplicate method FindBy() in type LoginPage
	Syntax error, insert ")" to complete ConstructorDeclaration
	Syntax error, insert ";" to complete ConstructorDeclaration

	at salesforcePages.LoginPage.<init>(LoginPage.java:23)
	at com.realestate.testscripts.AddOpportunityForm.addOpportunityForm(AddOpportunityForm.java:32)
	at sun.reflect.NativeMethodAccessorImpl.invoke0(Native Method)
	at sun.reflect.NativeMethodAccessorImpl.invoke(Unknown Source)
	at sun.reflect.DelegatingMethodAccessorImpl.invoke(Unknown Source)
	at java.lang.reflect.Method.invoke(Unknown Source)
	at org.testng.internal.MethodInvocationHelper.invokeMethod(MethodInvocationHelper.java:86)
	at org.testng.internal.Invoker.invokeMethod(Invoker.java:643)
	at org.testng.internal.Invoker.invokeTestMethod(Invoker.java:820)
	at org.testng.internal.Invoker.invokeTestMethods(Invoker.java:1128)
	at org.testng.internal.TestMethodWorker.invokeTestMethods(TestMethodWorker.java:129)
	at org.testng.internal.TestMethodWorker.run(TestMethodWorker.java:112)
	at org.testng.TestRunner.privateRun(TestRunner.java:782)
	at org.testng.TestRunner.run(TestRunner.java:632)
	at org.testng.SuiteRunner.runTest(SuiteRunner.java:366)
	at org.testng.SuiteRunner.runSequentially(SuiteRunner.java:361)
	at org.testng.SuiteRunner.privateRun(SuiteRunner.java:319)
	at org.testng.SuiteRunner.run(SuiteRunner.java:268)
	at org.testng.SuiteRunnerWorker.runSuite(SuiteRunnerWorker.java:52)
	at org.testng.SuiteRunnerWorker.run(SuiteRunnerWorker.java:86)
	at org.testng.TestNG.runSuitesSequentially(TestNG.java:1244)
	at org.testng.TestNG.runSuitesLocally(TestNG.java:1169)
	at org.testng.TestNG.run(TestNG.java:1064)
	at org.testng.remote.RemoteTestNG.run(RemoteTestNG.java:113)
	at org.testng.remote.RemoteTestNG.initAndRun(RemoteTestNG.java:206)
	at org.testng.remote.RemoteTestNG.main(RemoteTestNG.java:177)
]]>
    </error>
  </testcase> <!-- addOpportunityForm -->
</testsuite> <!-- com.realestate.testscripts.AddOpportunityForm -->
