<?xml version="1.0" encoding="UTF-8"?>
<!-- Generated by org.testng.reporters.JUnitReportReporter -->
<testsuite hostname="Asheem-Win-209" name="com.salesforce.testscripts.CreateOpportunityForm" tests="1" failures="0" timestamp="19 Dec 2023 11:22:31 GMT" time="42.380" errors="0">
  <testcase name="createOpportunityForm" time="42.380" classname="com.salesforce.testscripts.CreateOpportunityForm"/>
</testsuite> <!-- com.salesforce.testscripts.CreateOpportunityForm -->
